{"level":"info","message":"Server running on port 3000"}
{"level":"info","message":"User connected: NZ1qvX6_NLwNydjKAAAG"}
{"level":"info","message":"User connected: egByO7TVCpYIJI0AAAAH"}
{"level":"info","message":"User connected: nfEqzOzYc1f4Pc7HAAAI"}
{"level":"info","message":"User connected: nUZrEp9oImz6VhDwAAAJ"}
{"level":"info","message":"User connected: 1GkkBJvOjYr-6NBhAAAK"}
{"level":"info","message":"User connected: DFwuHKWFiv454uBqAAAL"}
{"level":"info","message":"User connected: aiKUrOk1f04oUuPLAAAN"}
{"level":"info","message":"User connected: -zWU0PW-zVS3upujAAAT"}
{"level":"info","message":"User connected: TilTrmSEVXVvl3-OAAAU"}
{"level":"info","message":"User connected: tQ5RBwsC7PWu1-SpAAAV"}
{"level":"info","message":"User connected: izx8N-MLWw1GP3a9AAAW"}
{"level":"info","message":"User connected: 0i8htmyL2hynHyg0AAAX"}
{"level":"info","message":"User connected: WS7DeUL0byC10NwSAAAb"}
{"level":"info","message":"User connected: dVO5jiVatVA0xiBkAAAc"}
{"level":"info","message":"User connected: Jvx9c81hAcKhw9zIAAAd"}
{"level":"info","message":"User connected: NRdWTXUSHoCyiWzgAAAh"}
{"level":"info","message":"User connected: vE11f_RLu_LuQnhsAAAi"}
{"level":"info","message":"User connected: z9cWxXJW5LMZq4J8AAAj"}
{"level":"info","message":"User disconnected: NZ1qvX6_NLwNydjKAAAG"}
{"level":"info","message":"User disconnected: z9cWxXJW5LMZq4J8AAAj"}
{"level":"info","message":"User disconnected: vE11f_RLu_LuQnhsAAAi"}
{"level":"info","message":"User disconnected: NRdWTXUSHoCyiWzgAAAh"}
{"level":"info","message":"User disconnected: Jvx9c81hAcKhw9zIAAAd"}
{"level":"info","message":"User disconnected: dVO5jiVatVA0xiBkAAAc"}
{"level":"info","message":"User disconnected: WS7DeUL0byC10NwSAAAb"}
{"level":"info","message":"User disconnected: 0i8htmyL2hynHyg0AAAX"}
{"level":"info","message":"User disconnected: izx8N-MLWw1GP3a9AAAW"}
{"level":"info","message":"User disconnected: tQ5RBwsC7PWu1-SpAAAV"}
{"level":"info","message":"User disconnected: TilTrmSEVXVvl3-OAAAU"}
{"level":"info","message":"User disconnected: -zWU0PW-zVS3upujAAAT"}
{"level":"info","message":"User disconnected: aiKUrOk1f04oUuPLAAAN"}
{"level":"info","message":"User disconnected: DFwuHKWFiv454uBqAAAL"}
{"level":"info","message":"User disconnected: 1GkkBJvOjYr-6NBhAAAK"}
{"level":"info","message":"User disconnected: nUZrEp9oImz6VhDwAAAJ"}
{"level":"info","message":"User disconnected: nfEqzOzYc1f4Pc7HAAAI"}
{"level":"info","message":"User disconnected: egByO7TVCpYIJI0AAAAH"}
{"level":"info","message":"User connected: LrLw8rwZ-vSFWy_-AAAm"}
{"level":"info","message":"User connected: hUOLyBH_sxcmaR4IAAAn"}
{"level":"info","message":"User connected: EW_HukCAUziIMxhwAAAq"}
{"level":"info","message":"User connected: TbuCynXVpA1ulHSWAAAr"}
{"level":"info","message":"User connected: u-6pNNI9pwjT6fw_AAAy"}
{"level":"info","message":"User connected: OMxZGbZs2Uix0v1CAAAz"}
{"level":"info","message":"User connected: 4JhVjtYRnF0YOyWvAAA0"}
{"level":"info","message":"User connected: lTwe0X_2Q5qmBOV4AAA1"}
{"level":"info","message":"User connected: 53p6v3dXe4ZkDKJiAAA2"}
{"level":"info","message":"User connected: JslEoK3tdXmVJ2BRAAA3"}
{"level":"info","message":"User connected: PHKXD6yJXj3Ki455AAA6"}
{"level":"info","message":"User connected: FPFnLtVgt1QPZWZjAAA7"}
{"level":"info","message":"User connected: yMOO4QrZG2rQ4GRGAAA-"}
{"level":"info","message":"User connected: mWztrWvUy2F9MtVfAAA_"}
{"level":"info","message":"User connected: BO1l_PzcMGLYSLrzAABC"}
{"level":"info","message":"User connected: mcwSB_t_AAsCkCrMAABD"}
{"level":"info","message":"User connected: 2Fr7FoScjNhU0fk2AABG"}
{"level":"info","message":"User connected: Z0V_tjThq9cuJ3ArAABH"}
{"level":"info","message":"User connected: 3FQKC9-QwaMBYnV1AABK"}
{"level":"info","message":"User connected: GB5zfUne3eoECvncAABL"}
{"level":"info","message":"User connected: auk5S_mth7rFHu5XAABO"}
{"level":"info","message":"User connected: c_PQ-EeI_Etq3hKcAABP"}
{"level":"info","message":"User connected: T2SsGQ9PDLsCeG4sAABS"}
{"level":"info","message":"User connected: iehCDE4E2cJDOC_-AABT"}
